[    0.000000] Linux version 4.15.0-153-generic (buildd@lgw01-amd64-004) (gcc version 7.5.0 (Ubuntu 7.5.0-3ubuntu1~18.04)) #160-Ubuntu SMP Thu Jul 29 06:54:29 UTC 2021 (Ubuntu 4.15.0-153.160-generic 4.15.18)
[    0.000000] Command line: BOOT_IMAGE=/boot/vmlinuz-4.15.0-153-generic root=LABEL=cloudimg-rootfs ro console=tty1 console=ttyS0
[    0.000000] KERNEL supported cpus:
[    0.000000]   Intel GenuineIntel
[    0.000000]   AMD AuthenticAMD
[    0.000000]   Centaur CentaurHauls
[    0.000000] x86/fpu: Supporting XSAVE feature 0x001: 'x87 floating point registers'
[    0.000000] x86/fpu: Supporting XSAVE feature 0x002: 'SSE registers'
[    0.000000] x86/fpu: Supporting XSAVE feature 0x004: 'AVX registers'
[    0.000000] x86/fpu: xstate_offset[2]:  576, xstate_sizes[2]:  256
[    0.000000] x86/fpu: Enabled xstate features 0x7, context size is 832 bytes, using 'standard' format.
[    0.000000] e820: BIOS-provided physical RAM map:
[    0.000000] BIOS-e820: [mem 0x0000000000000000-0x000000000009fbff] usable
[    0.000000] BIOS-e820: [mem 0x000000000009fc00-0x000000000009ffff] reserved
[    0.000000] BIOS-e820: [mem 0x00000000000f0000-0x00000000000fffff] reserved
[    0.000000] BIOS-e820: [mem 0x0000000000100000-0x000000003ffeffff] usable
[    0.000000] BIOS-e820: [mem 0x000000003fff0000-0x000000003fffffff] ACPI data
[    0.000000] BIOS-e820: [mem 0x00000000fec00000-0x00000000fec00fff] reserved
[    0.000000] BIOS-e820: [mem 0x00000000fee00000-0x00000000fee00fff] reserved
[    0.000000] BIOS-e820: [mem 0x00000000fffc0000-0x00000000ffffffff] reserved
[    0.000000] NX (Execute Disable) protection: active
[    0.000000] SMBIOS 2.5 present.
[    0.000000] DMI: innotek GmbH VirtualBox/VirtualBox, BIOS VirtualBox 12/01/2006
[    0.000000] Hypervisor detected: KVM
[    0.000000] e820: last_pfn = 0x3fff0 max_arch_pfn = 0x400000000
[    0.000000] MTRR: Disabled
[    0.000000] x86/PAT: MTRRs disabled, skipping PAT initialization too.
[    0.000000] CPU MTRRs all blank - virtualized system.
[    0.000000] x86/PAT: Configuration [0-7]: WB  WT  UC- UC  WB  WT  UC- UC  
[    0.000000] found SMP MP-table at [mem 0x0009fff0-0x0009ffff]
[    0.000000] Scanning 1 areas for low memory corruption
[    0.000000] RAMDISK: [mem 0x359d1000-0x36cdffff]
[    0.000000] ACPI: Early table checksum verification disabled
[    0.000000] ACPI: RSDP 0x00000000000E0000 000024 (v02 VBOX  )
[    0.000000] ACPI: XSDT 0x000000003FFF0030 00003C (v01 VBOX   VBOXXSDT 00000001 ASL  00000061)
[    0.000000] ACPI: FACP 0x000000003FFF00F0 0000F4 (v04 VBOX   VBOXFACP 00000001 ASL  00000061)
[    0.000000] ACPI: DSDT 0x000000003FFF0470 002325 (v02 VBOX   VBOXBIOS 00000002 INTL 20100528)
[    0.000000] ACPI: FACS 0x000000003FFF0200 000040
[    0.000000] ACPI: FACS 0x000000003FFF0200 000040
[    0.000000] ACPI: APIC 0x000000003FFF0240 00005C (v02 VBOX   VBOXAPIC 00000001 ASL  00000061)
[    0.000000] ACPI: SSDT 0x000000003FFF02A0 0001CC (v01 VBOX   VBOXCPUT 00000002 INTL 20100528)
[    0.000000] ACPI: Reserving FACP table memory at [mem 0x3fff00f0-0x3fff01e3]
[    0.000000] ACPI: Reserving DSDT table memory at [mem 0x3fff0470-0x3fff2794]
[    0.000000] ACPI: Reserving FACS table memory at [mem 0x3fff0200-0x3fff023f]
[    0.000000] ACPI: Reserving FACS table memory at [mem 0x3fff0200-0x3fff023f]
[    0.000000] ACPI: Reserving APIC table memory at [mem 0x3fff0240-0x3fff029b]
[    0.000000] ACPI: Reserving SSDT table memory at [mem 0x3fff02a0-0x3fff046b]
[    0.000000] No NUMA configuration found
[    0.000000] Faking a node at [mem 0x0000000000000000-0x000000003ffeffff]
[    0.000000] NODE_DATA(0) allocated [mem 0x3ffc5000-0x3ffeffff]
[    0.000000] kvm-clock: cpu 0, msr 0:3ff44001, primary cpu clock
[    0.000000] kvm-clock: Using msrs 4b564d01 and 4b564d00
[    0.000000] kvm-clock: using sched offset of 3454837872 cycles
[    0.000000] clocksource: kvm-clock: mask: 0xffffffffffffffff max_cycles: 0x1cd42e4dffb, max_idle_ns: 881590591483 ns
[    0.000000] Zone ranges:
[    0.000000]   DMA      [mem 0x0000000000001000-0x0000000000ffffff]
[    0.000000]   DMA32    [mem 0x0000000001000000-0x000000003ffeffff]
[    0.000000]   Normal   empty
[    0.000000]   Device   empty
[    0.000000] Movable zone start for each node
[    0.000000] Early memory node ranges
[    0.000000]   node   0: [mem 0x0000000000001000-0x000000000009efff]
[    0.000000]   node   0: [mem 0x0000000000100000-0x000000003ffeffff]
[    0.000000] Reserved but unavailable: 104 pages
[    0.000000] Initmem setup node 0 [mem 0x0000000000001000-0x000000003ffeffff]
[    0.000000] ACPI: PM-Timer IO Port: 0x4008
[    0.000000] IOAPIC[0]: apic_id 2, version 32, address 0xfec00000, GSI 0-23
[    0.000000] ACPI: INT_SRC_OVR (bus 0 bus_irq 0 global_irq 2 dfl dfl)
[    0.000000] ACPI: INT_SRC_OVR (bus 0 bus_irq 9 global_irq 9 low level)
[    0.000000] Using ACPI (MADT) for SMP configuration information
[    0.000000] smpboot: Allowing 2 CPUs, 0 hotplug CPUs
[    0.000000] PM: Registered nosave memory: [mem 0x00000000-0x00000fff]
[    0.000000] PM: Registered nosave memory: [mem 0x0009f000-0x0009ffff]
[    0.000000] PM: Registered nosave memory: [mem 0x000a0000-0x000effff]
[    0.000000] PM: Registered nosave memory: [mem 0x000f0000-0x000fffff]
[    0.000000] e820: [mem 0x40000000-0xfebfffff] available for PCI devices
[    0.000000] Booting paravirtualized kernel on KVM
[    0.000000] clocksource: refined-jiffies: mask: 0xffffffff max_cycles: 0xffffffff, max_idle_ns: 7645519600211568 ns
[    0.000000] random: get_random_bytes called from start_kernel+0x99/0x500 with crng_init=0
[    0.000000] setup_percpu: NR_CPUS:8192 nr_cpumask_bits:2 nr_cpu_ids:2 nr_node_ids:1
[    0.000000] percpu: Embedded 45 pages/cpu s147456 r8192 d28672 u1048576
[    0.000000] PV qspinlock hash table entries: 256 (order: 0, 4096 bytes)
[    0.000000] Built 1 zonelists, mobility grouping on.  Total pages: 257913
[    0.000000] Policy zone: DMA32
[    0.000000] Kernel command line: BOOT_IMAGE=/boot/vmlinuz-4.15.0-153-generic root=LABEL=cloudimg-rootfs ro console=tty1 console=ttyS0
[    0.000000] Memory: 982720K/1048120K available (12300K kernel code, 2483K rwdata, 4320K rodata, 2448K init, 2724K bss, 65400K reserved, 0K cma-reserved)
[    0.000000] SLUB: HWalign=64, Order=0-3, MinObjects=0, CPUs=2, Nodes=1
[    0.000000] ftrace: allocating 39460 entries in 155 pages
[    0.004000] Hierarchical RCU implementation.
[    0.004000] 	RCU restricting CPUs from NR_CPUS=8192 to nr_cpu_ids=2.
[    0.004000] 	Tasks RCU enabled.
[    0.004000] RCU: Adjusting geometry for rcu_fanout_leaf=16, nr_cpu_ids=2
[    0.004000] NR_IRQS: 524544, nr_irqs: 440, preallocated irqs: 16
[    0.004000] Console: colour VGA+ 80x25
[    0.004000] console [tty1] enabled
[    0.004000] console [ttyS0] enabled
[    0.004000] ACPI: Core revision 20170831
[    0.004000] ACPI: 2 ACPI AML tables successfully acquired and loaded
[    0.004000] APIC: Switch to symmetric I/O mode setup
[    0.004000] x2apic enabled
[    0.004000] Switched APIC routing to physical x2apic.
[    0.004000] ..TIMER: vector=0x30 apic1=0 pin1=2 apic2=-1 pin2=-1
[    0.004000] tsc: Detected 2112.002 MHz processor
[    0.004006] Calibrating delay loop (skipped) preset value.. 4224.00 BogoMIPS (lpj=8448008)
[    0.005083] pid_max: default: 32768 minimum: 301
[    0.005761] Security Framework initialized
[    0.006313] Yama: becoming mindful.
[    0.006829] AppArmor: AppArmor initialized
[    0.008026] Dentry cache hash table entries: 131072 (order: 8, 1048576 bytes)
[    0.009001] Inode-cache hash table entries: 65536 (order: 7, 524288 bytes)
[    0.009917] Mount-cache hash table entries: 2048 (order: 2, 16384 bytes)
[    0.012004] Mountpoint-cache hash table entries: 2048 (order: 2, 16384 bytes)
[    0.013134] Last level iTLB entries: 4KB 64, 2MB 8, 4MB 8
[    0.013848] Last level dTLB entries: 4KB 64, 2MB 0, 4MB 0, 1GB 4
[    0.014651] Spectre V1 : Mitigation: usercopy/swapgs barriers and __user pointer sanitization
[    0.015782] Spectre V2 : Mitigation: Full generic retpoline
[    0.016001] Spectre V2 : Spectre v2 / SpectreRSB mitigation: Filling RSB on context switch
[    0.017132] Speculative Store Bypass: Vulnerable
[    0.017748] SRBDS: Mitigation: TSX disabled
[    0.018462] Freeing SMP alternatives memory: 36K
[    0.130166] smpboot: CPU0: Intel(R) Core(TM) i5-10210U CPU @ 1.60GHz (family: 0x6, model: 0x8e, stepping: 0xc)
[    0.132000] Performance Events: unsupported p6 CPU model 142 no PMU driver, software events only.
[    0.132000] Hierarchical SRCU implementation.
[    0.132342] NMI watchdog: Perf event create on CPU 0 failed with -2
[    0.133169] NMI watchdog: Perf NMI watchdog permanently disabled
[    0.133979] smp: Bringing up secondary CPUs ...
[    0.134718] x86: Booting SMP configuration:
[    0.135304] .... node  #0, CPUs:      #1
[    0.004000] kvm-clock: cpu 1, msr 0:3ff44041, secondary cpu clock
[    0.138875] smp: Brought up 1 node, 2 CPUs
[    0.138875] smpboot: Max logical packages: 1
[    0.140003] smpboot: Total of 2 processors activated (8448.00 BogoMIPS)
[    0.140971] devtmpfs: initialized
[    0.140971] x86/mm: Memory block size: 128MB
[    0.141226] evm: security.selinux
[    0.141704] evm: security.SMACK64
[    0.142196] evm: security.SMACK64EXEC
[    0.144002] evm: security.SMACK64TRANSMUTE
[    0.144580] evm: security.SMACK64MMAP
[    0.145086] evm: security.apparmor
[    0.145564] evm: security.ima
[    0.145990] evm: security.capability
[    0.146518] clocksource: jiffies: mask: 0xffffffff max_cycles: 0xffffffff, max_idle_ns: 7645041785100000 ns
[    0.146518] futex hash table entries: 512 (order: 3, 32768 bytes)
[    0.148036] pinctrl core: initialized pinctrl subsystem
[    0.152063] RTC time: 12:29:16, date: 08/05/21
[    0.152811] NET: Registered protocol family 16
[    0.153468] audit: initializing netlink subsys (disabled)
[    0.154212] audit: type=2000 audit(1628166561.328:1): state=initialized audit_enabled=0 res=1
[    0.154212] cpuidle: using governor ladder
[    0.154212] cpuidle: using governor menu
[    0.156032] ACPI: bus type PCI registered
[    0.156590] acpiphp: ACPI Hot Plug PCI Controller Driver version: 0.5
[    0.157493] PCI: Using configuration type 1 for base access
[    0.158249] HugeTLB registered 2.00 MiB page size, pre-allocated 0 pages
[    0.160045] ACPI: Added _OSI(Module Device)
[    0.160630] ACPI: Added _OSI(Processor Device)
[    0.161231] ACPI: Added _OSI(3.0 _SCP Extensions)
[    0.161870] ACPI: Added _OSI(Processor Aggregator Device)
[    0.162616] ACPI: Added _OSI(Linux-Dell-Video)
[    0.163216] ACPI: Added _OSI(Linux-Lenovo-NV-HDMI-Audio)
[    0.164003] ACPI: Added _OSI(Linux-HPI-Hybrid-Graphics)
[    0.164967] ACPI: Executed 1 blocks of module-level executable AML code
[    0.168877] ACPI: Interpreter enabled
[    0.169390] ACPI: (supports S0 S5)
[    0.169901] ACPI: Using IOAPIC for interrupt routing
[    0.170829] PCI: Using host bridge windows from ACPI; if necessary, use "pci=nocrs" and report a bug
[    0.172123] ACPI: Enabled 2 GPEs in block 00 to 07
[    0.177957] ACPI: PCI Root Bridge [PCI0] (domain 0000 [bus 00-ff])
[    0.178768] acpi PNP0A03:00: _OSC: OS supports [ASPM ClockPM Segments MSI]
[    0.180000] acpi PNP0A03:00: _OSC: not requesting OS control; OS requires [ExtendedConfig ASPM ClockPM MSI]
[    0.180008] acpi PNP0A03:00: fail to add MMCONFIG information, can't access extended PCI configuration space under this bridge.
[    0.181813] PCI host bridge to bus 0000:00
[    0.182355] pci_bus 0000:00: root bus resource [io  0x0000-0x0cf7 window]
[    0.184002] pci_bus 0000:00: root bus resource [io  0x0d00-0xffff window]
[    0.184893] pci_bus 0000:00: root bus resource [mem 0x000a0000-0x000bffff window]
[    0.185924] pci_bus 0000:00: root bus resource [mem 0x40000000-0xfdffffff window]
[    0.187473] pci_bus 0000:00: root bus resource [bus 00-ff]
[    0.189506] pci 0000:00:01.1: legacy IDE quirk: reg 0x10: [io  0x01f0-0x01f7]
[    0.190553] pci 0000:00:01.1: legacy IDE quirk: reg 0x14: [io  0x03f6]
[    0.191454] pci 0000:00:01.1: legacy IDE quirk: reg 0x18: [io  0x0170-0x0177]
[    0.192002] pci 0000:00:01.1: legacy IDE quirk: reg 0x1c: [io  0x0376]
[    0.205015] pci 0000:00:07.0: quirk: [io  0x4000-0x403f] claimed by PIIX4 ACPI
[    0.206028] pci 0000:00:07.0: quirk: [io  0x4100-0x410f] claimed by PIIX4 SMB
[    0.210437] ACPI: PCI Interrupt Link [LNKA] (IRQs 5 9 10 *11)
[    0.211463] ACPI: PCI Interrupt Link [LNKB] (IRQs 5 9 *10 11)
[    0.212088] ACPI: PCI Interrupt Link [LNKC] (IRQs 5 *9 10 11)
[    0.212931] ACPI: PCI Interrupt Link [LNKD] (IRQs 5 9 10 *11)
[    0.213908] SCSI subsystem initialized
[    0.214452] pci 0000:00:02.0: vgaarb: setting as boot VGA device
[    0.214452] pci 0000:00:02.0: vgaarb: VGA device added: decodes=io+mem,owns=io+mem,locks=none
[    0.216004] pci 0000:00:02.0: vgaarb: bridge control possible
[    0.216754] vgaarb: loaded
[    0.217187] ACPI: bus type USB registered
[    0.217744] usbcore: registered new interface driver usbfs
[    0.218516] usbcore: registered new interface driver hub
[    0.220006] usbcore: registered new device driver usb
[    0.220717] EDAC MC: Ver: 3.0.0
[    0.220717] PCI: Using ACPI for IRQ routing
[    0.220783] NetLabel: Initializing
[    0.221276] NetLabel:  domain hash size = 128
[    0.221864] NetLabel:  protocols = UNLABELED CIPSOv4 CALIPSO
[    0.224014] NetLabel:  unlabeled traffic allowed by default
[    0.224763] clocksource: Switched to clocksource kvm-clock
[    0.237577] VFS: Disk quotas dquot_6.6.0
[    0.238156] VFS: Dquot-cache hash table entries: 512 (order 0, 4096 bytes)
[    0.239066] AppArmor: AppArmor Filesystem Enabled
[    0.240047] pnp: PnP ACPI init
[    0.241342] pnp: PnP ACPI: found 3 devices
[    0.249384] clocksource: acpi_pm: mask: 0xffffff max_cycles: 0xffffff, max_idle_ns: 2085701024 ns
[    0.250597] NET: Registered protocol family 2
[    0.251331] TCP established hash table entries: 8192 (order: 4, 65536 bytes)
[    0.252046] TCP bind hash table entries: 8192 (order: 5, 131072 bytes)
[    0.254967] TCP: Hash tables configured (established 8192 bind 8192)
[    0.255826] UDP hash table entries: 512 (order: 2, 16384 bytes)
[    0.256623] UDP-Lite hash table entries: 512 (order: 2, 16384 bytes)
[    0.257470] NET: Registered protocol family 1
[    0.258070] pci 0000:00:00.0: Limiting direct PCI/PCI transfers
[    0.258873] pci 0000:00:01.0: Activating ISA DMA hang workarounds
[    0.259717] pci 0000:00:02.0: Video device with shadowed ROM at [mem 0x000c0000-0x000dffff]
[    0.260927] Unpacking initramfs...
[    0.539986] Freeing initrd memory: 19516K
[    0.540988] clocksource: tsc: mask: 0xffffffffffffffff max_cycles: 0x1e717a67afe, max_idle_ns: 440795258295 ns
[    0.542548] platform rtc_cmos: registered platform RTC device (no PNP device found)
[    0.544119] Scanning for low memory corruption every 60 seconds
[    0.545530] Initialise system trusted keyrings
[    0.546151] Key type blacklist registered
[    0.546759] workingset: timestamp_bits=36 max_order=18 bucket_order=0
[    0.548288] zbud: loaded
[    0.549045] squashfs: version 4.0 (2009/01/31) Phillip Lougher
[    0.549924] fuse init (API version 7.26)
[    0.551762] Key type asymmetric registered
[    0.552347] Asymmetric key parser 'x509' registered
[    0.553036] Block layer SCSI generic (bsg) driver version 0.4 loaded (major 246)
[    0.554134] io scheduler noop registered
[    0.554681] io scheduler deadline registered
[    0.555279] io scheduler cfq registered (default)
[    0.556172] ACPI: AC Adapter [AC] (on-line)
[    0.556782] input: Power Button as /devices/LNXSYSTM:00/LNXPWRBN:00/input/input0
[    0.557798] ACPI: Power Button [PWRF]
[    0.558365] input: Sleep Button as /devices/LNXSYSTM:00/LNXSLPBN:00/input/input1
[    0.559368] ACPI: Sleep Button [SLPF]
[    0.560653] ACPI: Battery Slot [BAT0] (battery present)
[    0.561533] Serial: 8250/16550 driver, 32 ports, IRQ sharing enabled
[    0.582980] 00:02: ttyS0 at I/O 0x3f8 (irq = 4, base_baud = 115200) is a 16550A
[    0.585991] Linux agpgart interface v0.103
[    0.587739] loop: module loaded
[    0.588743] scsi host0: ata_piix
[    0.589314] scsi host1: ata_piix
[    0.589800] ata1: PATA max UDMA/33 cmd 0x1f0 ctl 0x3f6 bmdma 0xd000 irq 14
[    0.590691] ata2: PATA max UDMA/33 cmd 0x170 ctl 0x376 bmdma 0xd008 irq 15
[    0.591822] libphy: Fixed MDIO Bus: probed
[    0.592485] tun: Universal TUN/TAP device driver, 1.6
[    0.593328] PPP generic driver version 2.4.2
[    0.594114] ehci_hcd: USB 2.0 'Enhanced' Host Controller (EHCI) Driver
[    0.595003] ehci-pci: EHCI PCI platform driver
[    0.595635] ehci-platform: EHCI generic platform driver
[    0.596419] ohci_hcd: USB 1.1 'Open' Host Controller (OHCI) Driver
[    0.597272] ohci-pci: OHCI PCI platform driver
[    0.597945] ohci-platform: OHCI generic platform driver
[    0.598714] uhci_hcd: USB Universal Host Controller Interface driver
[    0.599787] i8042: PNP: PS/2 Controller [PNP0303:PS2K,PNP0f03:PS2M] at 0x60,0x64 irq 1,12
[    0.601742] serio: i8042 KBD port at 0x60,0x64 irq 1
[    0.602552] serio: i8042 AUX port at 0x60,0x64 irq 12
[    0.603454] mousedev: PS/2 mouse device common for all mice
[    0.604661] input: AT Translated Set 2 keyboard as /devices/platform/i8042/serio0/input/input2
[    0.605862] rtc_cmos rtc_cmos: rtc core: registered rtc_cmos as rtc0
[    0.606953] rtc_cmos rtc_cmos: alarms up to one day, 114 bytes nvram
[    0.607878] i2c /dev entries driver
[    0.608509] device-mapper: uevent: version 1.0.3
[    0.609292] device-mapper: ioctl: 4.37.0-ioctl (2017-09-20) initialised: dm-devel@redhat.com
[    0.610702] ledtrig-cpu: registered to indicate activity on CPUs
[    0.611907] NET: Registered protocol family 10
[    0.615020] Segment Routing with IPv6
[    0.615564] NET: Registered protocol family 17
[    0.616253] Key type dns_resolver registered
[    0.617001] mce: Using 0 MCE banks
[    0.617494] RAS: Correctable Errors collector initialized.
[    0.618235] sched_clock: Marking stable (616982376, 0)->(750803432, -133821056)
[    0.619504] registered taskstats version 1
[    0.620088] Loading compiled-in X.509 certificates
[    0.622244] Loaded X.509 cert 'Build time autogenerated kernel key: 697c210032c6abbec5653106d7fd766083a73612'
[    0.624111] Loaded X.509 cert 'Canonical Ltd. Live Patch Signing: 14df34d1a87cf37625abec039ef2bf521249b969'
[    0.625979] Loaded X.509 cert 'Canonical Ltd. Kernel Module Signing: 88f752e560a1e0737e31163a466ad7b70a850c19'
[    0.627715] zswap: loaded using pool lzo/zbud
[    0.630389] Key type big_key registered
[    0.630928] Key type trusted registered
[    0.632704] Key type encrypted registered
[    0.633298] AppArmor: AppArmor sha1 policy hashing enabled
[    0.634116] ima: No TPM chip found, activating TPM-bypass! (rc=-19)
[    0.634951] ima: Allocated hash algorithm: sha1
[    0.635572] evm: HMAC attrs: 0x1
[    0.636223]   Magic number: 1:585:480
[    0.636811] rtc_cmos rtc_cmos: setting system clock to 2021-08-05 12:29:17 UTC (1628166557)
[    0.638028] BIOS EDD facility v0.16 2004-Jun-25, 0 devices found
[    0.638809] EDD information not available.
[    0.802038] Freeing unused kernel image memory: 2448K
[    1.404034] Write protecting the kernel read-only data: 20480k
[    1.405662] Freeing unused kernel image memory: 2008K
[    1.406560] Freeing unused kernel image memory: 1824K
[    1.413964] x86/mm: Checked W+X mappings: passed, no W+X pages found.
Loading, please wait...
starting version 237
[    1.466633] Fusion MPT base driver 3.04.20
[    1.467703] Copyright (c) 1999-2008 LSI Corporation
[    1.475082] Fusion MPT SPI Host driver 3.04.20
[    1.477700] AVX2 version of gcm_enc/dec engaged.
[    1.478395] AES CTR mode by8 optimization enabled
[    1.478846] e1000: Intel(R) PRO/1000 Network Driver - version 7.3.21-k8-NAPI
[    1.480095] e1000: Copyright (c) 1999-2006 Intel Corporation.
[    1.486371] mptbase: ioc0: Initiating bringup
[    1.580957] ioc0: LSI53C1030 A0: Capabilities={Initiator}
[    1.678123] input: ImExPS/2 Generic Explorer Mouse as /devices/platform/i8042/serio1/input/input4
[    1.828124] scsi host2: ioc0: LSI53C1030 A0, FwRev=00000000h, Ports=1, MaxQ=256, IRQ=20
[    1.998104] scsi 2:0:0:0: Direct-Access     VBOX     HARDDISK         1.0  PQ: 0 ANSI: 5
[    2.032494] scsi target2:0:0: Beginning Domain Validation
[    2.035074] scsi target2:0:0: Domain Validation skipping write tests
[    2.035954] scsi target2:0:0: Ending Domain Validation
[    2.036742] scsi target2:0:0: asynchronous
[    2.037646] scsi 2:0:1:0: Direct-Access     VBOX     HARDDISK         1.0  PQ: 0 ANSI: 5
[    2.324332] scsi target2:0:1: Beginning Domain Validation
[    2.327474] random: fast init done
[    2.328037] scsi target2:0:1: Domain Validation skipping write tests
[    2.328874] scsi target2:0:1: Ending Domain Validation
[    2.329634] scsi target2:0:1: asynchronous
[    2.332947] random: systemd-udevd: uninitialized urandom read (16 bytes read)
[    2.333899] random: systemd-udevd: uninitialized urandom read (16 bytes read)
[    2.334826] random: systemd-udevd: uninitialized urandom read (16 bytes read)
[    2.336027] sd 2:0:0:0: [sda] 83886080 512-byte logical blocks: (42.9 GB/40.0 GiB)
[    2.337099] sd 2:0:0:0: [sda] Write Protect is off
[    2.337826] sd 2:0:0:0: Attached scsi generic sg0 type 0
[    2.338562] sd 2:0:0:0: [sda] Incomplete mode parameter data
[    2.339309] sd 2:0:0:0: [sda] Assuming drive cache: write through
[    2.340725] sd 2:0:1:0: [sdb] 20480 512-byte logical blocks: (10.5 MB/10.0 MiB)
[    2.341756] sd 2:0:1:0: [sdb] Write Protect is off
[    2.342941]  sda: sda1
[    2.343423] sd 2:0:1:0: [sdb] Incomplete mode parameter data
[    2.344184] sd 2:0:1:0: [sdb] Assuming drive cache: write through
[    2.345166] sd 2:0:1:0: Attached scsi generic sg1 type 0
[    2.346539] sd 2:0:0:0: [sda] Attached SCSI disk
[    2.348550] sd 2:0:1:0: [sdb] Attached SCSI disk
[    2.360132] e1000 0000:00:03.0 eth0: (PCI:33MHz:32-bit) 02:9f:d3:59:7e:90
[    2.361066] e1000 0000:00:03.0 eth0: Intel(R) PRO/1000 Network Connection
[    2.363627] e1000 0000:00:03.0 enp0s3: renamed from eth0
Begin: Loading essential drivers ... [    3.776082] raid6: sse2x1   gen() 12050 MB/s
[    3.824046] raid6: sse2x1   xor()  7643 MB/s
[    3.872216] raid6: sse2x2   gen() 16260 MB/s
[    3.920107] raid6: sse2x2   xor()  7488 MB/s
[    3.968120] raid6: sse2x4   gen() 12688 MB/s
[    4.016099] raid6: sse2x4   xor()  7635 MB/s
[    4.064103] raid6: avx2x1   gen() 18487 MB/s
[    4.112077] raid6: avx2x1   xor() 12224 MB/s
[    4.160080] raid6: avx2x2   gen() 21961 MB/s
[    4.208131] raid6: avx2x2   xor() 19468 MB/s
[    4.256152] raid6: avx2x4   gen() 34101 MB/s
[    4.304096] raid6: avx2x4   xor() 20816 MB/s
[    4.304923] raid6: using algorithm avx2x4 gen() 34101 MB/s
[    4.305867] raid6: .... xor() 20816 MB/s, rmw enabled
[    4.306608] raid6: using avx2x2 recovery algorithm
[    4.308161] xor: automatically using best checksumming function   avx       
[    4.310028] async_tx: api initialized (async)
done.
Begin: Running /scripts/init-premount ... done.
Begin: Mounting root file system ... Begin: Running /scripts/local-top ... done.
Begin: Running /scripts/local-premount ... [    4.344119] Btrfs loaded, crc32c=crc32c-intel
Scanning for Btrfs filesystems
done.
Warning: fsck not present, so skipping root file system
[    4.365947] EXT4-fs (sda1): mounted filesystem with ordered data mode. Opts: (null)
done.
Begin: Running /scripts/local-bottom ... done.
Begin: Running /scripts/init-bottom ... done.
[    4.515002] ip_tables: (C) 2000-2006 Netfilter Core Team
[    4.522840] systemd[1]: systemd 237 running in system mode. (+PAM +AUDIT +SELINUX +IMA +APPARMOR +SMACK +SYSVINIT +UTMP +LIBCRYPTSETUP +GCRYPT +GNUTLS +ACL +XZ +LZ4 +SECCOMP +BLKID +ELFUTILS +KMOD -IDN2 +IDN -PCRE2 default-hierarchy=hybrid)
[    4.525592] systemd[1]: Detected virtualization oracle.
[    4.526307] systemd[1]: Detected architecture x86-64.

Welcome to [1mUbuntu 18.04.5 LTS[0m!

[    4.530426] systemd[1]: Set hostname to <ubuntu-bionic>.
[    5.425594] systemd[1]: Set up automount Arbitrary Executable File Formats File System Automount Point.
[[0;32m  OK  [0m] Set up automount Arbitrary Executab…rmats File System Automount Point.
[    5.427848] systemd[1]: Reached target Swap.
[[0;32m  OK  [0m] Reached target Swap.
[    5.428866] systemd[1]: Reached target System Time Synchronized.
[[0;32m  OK  [0m] Reached target System Time Synchronized.
[    5.431126] systemd[1]: Created slice System Slice.
[[0;32m  OK  [0m] Created slice System Slice.
[    5.432299] systemd[1]: Listening on Journal Socket (/dev/log).
[[0;32m  OK  [0m] Listening on Journal Socket (/dev/log).
[    5.433653] systemd[1]: Listening on Device-mapper event daemon FIFOs.
[[0;32m  OK  [0m] Listening on Device-mapper event daemon FIFOs.
[[0;32m  OK  [0m] Listening on LVM2 poll daemon socket.
[[0;32m  OK  [0m] Listening on Journal Socket.
         Mounting Huge Pages File System...
[[0;32m  OK  [0m] Listening on Journal Audit Socket.
         Mounting POSIX Message Queue File System...
[[0;32m  OK  [0m] Listening on Network Service Netlink Socket.
[[0;32m  OK  [0m] Listening on fsck to fsckd communication Socket.
         Mounting Kernel Debug File System...
         Starting Load Kernel Modules...
         Starting Set the console keyboard layout...
[[0;32m  OK  [0m] Listening on LVM2 metadata daemon socket.
         Starting Monitoring of LVM2 mirrors…ng dmeventd or progress polling...
[[0;32m  OK  [0m] Listening on udev Kernel Socket.
[[0;32m  OK  [0m] Listening on /dev/initctl Compatibility Named Pipe.
[[0;32m  OK  [0m] Listening on udev Control Socket.
         Starting udev Coldplug all Devices...
[[0;32m  OK  [0m] Started Forward Password Requests to Wall Directory Watch.
         Starting Uncomplicated firewall...
[[0;32m  OK  [0m] Reached target User and Group Name Lookups.
[[0;32m  OK  [0m] Created slice User and Session Slice.
[[0;32m  OK  [0m] Reached target Slices.
[[0;32m  OK  [0m] Created slice system-serial\x2dgetty.slice.
[[0;32m  OK  [0m] Listening on Syslog Socket.
         Starting Journal Service...
         Starting Create list of required st…ce nodes for the current kernel...
         Starting File System Check on Root Device...
[    5.465817] Loading iSCSI transport class v2.0-870.
[    5.471695] iscsi: registered transport (tcp)
[[0;32m  OK  [0m] Started udev Coldplug all Devices.
[    5.485981] iscsi: registered transport (iser)
[[0;32m  OK  [0m] Started Load Kernel Modules.
         Mounting Kernel Configuration File System...
         Mounting FUSE Control File System...
         Starting Apply Kernel Variables...
[[0;32m  OK  [0m] Started LVM2 metadata daemon.
[[0;32m  OK  [0m] Mounted Huge Pages File System.
[[0;32m  OK  [0m] Mounted Kernel Configuration File System.
[[0;32m  OK  [0m] Mounted POSIX Message Queue File System.
[[0;32m  OK  [0m] Mounted Kernel Debug File System.
[[0;32m  OK  [0m] Started Uncomplicated firewall.
[[0;32m  OK  [0m] Started Create list of required sta…vice nodes for the current kernel.
[[0;32m  OK  [0m] Mounted FUSE Control File System.
         Starting Create Static Device Nodes in /dev...
[[0;32m  OK  [0m] Started File System Check Daemon to report status.
[[0;32m  OK  [0m] Started Journal Service.
[[0;32m  OK  [0m] Started File System Check on Root Device.
         Starting Remount Root and Kernel File Systems...
[[0;32m  OK  [0m] Started Create Static Device Nodes in /dev.
[[0;32m  OK  [0m] Started Apply Kernel Variables.
[[0;32m  OK  [0m] Started Remount Root and Kernel File Systems.
[[0;32m  OK  [0m] Started Monitoring of LVM2 mirrors,…sing dmeventd or progress polling.
         Starting udev Kernel Device Manager...
         Starting Load/Save Random Seed...
         Starting Flush Journal to Persistent Storage...
[[0;32m  OK  [0m] Started Set the console keyboard layout.
[[0;32m  OK  [0m] Started udev Kernel Device Manager.
[[0;32m  OK  [0m] Reached target Local File Systems (Pre).
[[0;32m  OK  [0m] Reached target Local File Systems.
         Starting Tell Plymouth To Write Out Runtime Data...
         Starting Set console font and keymap...
         Starting AppArmor initialization...
         Starting ebtables ruleset management...
[[0;32m  OK  [0m] Started Dispatch Password Requests to Console Directory Watch.
[[0;32m  OK  [0m] Reached target Local Encrypted Volumes.
[[0;32m  OK  [0m] Started Load/Save Random Seed.
[[0;32m  OK  [0m] Started Set console font and keymap.
[[0;32m  OK  [0m] Started Tell Plymouth To Write Out Runtime Data.
[[0;32m  OK  [0m] Started Flush Journal to Persistent Storage.
         Starting Create Volatile Files and Directories...
[[0;32m  OK  [0m] Started Create Volatile Files and Directories.
         Starting Update UTMP about System Boot/Shutdown...
[[0;32m  OK  [0m] Started Update UTMP about System Boot/Shutdown.
[[0;32m  OK  [0m] Started ebtables ruleset management.
[[0;32m  OK  [0m] Found device /dev/ttyS0.
[[0;32m  OK  [0m] Listening on Load/Save RF Kill Switch Status /dev/rfkill Watch.
[[0;32m  OK  [0m] Started AppArmor initialization.
         Starting Initial cloud-init job (pre-networking)...
         Starting Load AppArmor profiles managed internally by snapd...
[[0;32m  OK  [0m] Started Load AppArmor profiles managed internally by snapd.
[    7.064352] cloud-init[548]: Cloud-init v. 21.2-3-g899bfaa9-0ubuntu2~18.04.1 running 'init-local' at Thu, 05 Aug 2021 12:29:23 +0000. Up 6.92 seconds.
[[0;32m  OK  [0m] Started Initial cloud-init job (pre-networking).
[[0;32m  OK  [0m] Reached target Network (Pre).
         Starting Network Service...
[[0;32m  OK  [0m] Started Network Service.
         Starting Network Name Resolution...
         Starting Wait for Network to be Configured...
[[0;32m  OK  [0m] Started Network Name Resolution.
[[0;32m  OK  [0m] Reached target Host and Network Name Lookups.
[[0;32m  OK  [0m] Reached target Network.
[[0;32m  OK  [0m] Started Wait for Network to be Configured.
         Starting Initial cloud-init job (metadata service crawler)...
[    9.389207] cloud-init[665]: Cloud-init v. 21.2-3-g899bfaa9-0ubuntu2~18.04.1 running 'init' at Thu, 05 Aug 2021 12:29:26 +0000. Up 9.25 seconds.
[    9.390936] cloud-init[665]: ci-info: ++++++++++++++++++++++++++++++++++++++Net device info++++++++++++++++++++++++++++++++++++++
[    9.392612] cloud-init[665]: ci-info: +--------+------+----------------------------+---------------+--------+-------------------+
[    9.394173] cloud-init[665]: ci-info: | Device |  Up  |          Address           |      Mask     | Scope  |     Hw-Address    |
[    9.395596] cloud-init[665]: ci-info: +--------+------+----------------------------+---------------+--------+-------------------+
[    9.397284] cloud-init[665]: ci-info: | enp0s3 | True |         10.0.2.15          | 255.255.255.0 | global | 02:9f:d3:59:7e:90 |
[    9.398954] cloud-init[665]: ci-info: | enp0s3 | True | fe80::9f:d3ff:fe59:7e90/64 |       .       |  link  | 02:9f:d3:59:7e:90 |
[    9.400370] cloud-init[665]: ci-info: |   lo   | True |         127.0.0.1          |   255.0.0.0   |  host  |         .         |
[    9.401853] cloud-init[665]: ci-info: |   lo   | True |          ::1/128           |       .       |  host  |         .         |
[    9.403317] cloud-init[665]: ci-info: +--------+------+----------------------------+---------------+--------+-------------------+
[    9.404691] cloud-init[665]: ci-info: ++++++++++++++++++++++++++++Route IPv4 info+++++++++++++++++++++++++++++
[    9.405998] cloud-init[665]: ci-info: +-------+-------------+----------+-----------------+-----------+-------+
[    9.407462] cloud-init[665]: ci-info: | Route | Destination | Gateway  |     Genmask     | Interface | Flags |
[    9.408742] cloud-init[665]: ci-info: +-------+-------------+----------+-----------------+-----------+-------+
[    9.409953] cloud-init[665]: ci-info: |   0   |   0.0.0.0   | 10.0.2.2 |     0.0.0.0     |   enp0s3  |   UG  |
[    9.411469] cloud-init[665]: ci-info: |   1   |   10.0.2.0  | 0.0.0.0  |  255.255.255.0  |   enp0s3  |   U   |
[    9.436171] cloud-init[665]: ci-info: |   2   |   10.0.2.2  | 0.0.0.0  | 255.255.255.255 |   enp0s3  |   UH  |
[    9.437377] cloud-init[665]: ci-info: +-------+-------------+----------+-----------------+-----------+-------+
[    9.438540] cloud-init[665]: ci-info: +++++++++++++++++++Route IPv6 info+++++++++++++++++++
[    9.439610] cloud-init[665]: ci-info: +-------+-------------+---------+-----------+-------+
[    9.440712] cloud-init[665]: ci-info: | Route | Destination | Gateway | Interface | Flags |
[    9.441892] cloud-init[665]: ci-info: +-------+-------------+---------+-----------+-------+
[    9.442884] cloud-init[665]: ci-info: |   1   |  fe80::/64  |    ::   |   enp0s3  |   U   |
[    9.444199] cloud-init[665]: ci-info: |   3   |    local    |    ::   |   enp0s3  |   U   |
[    9.445399] cloud-init[665]: ci-info: |   4   |   ff00::/8  |    ::   |   enp0s3  |   U   |
[    9.446574] cloud-init[665]: ci-info: +-------+-------------+---------+-----------+-------+
[[0;32m  OK  [0m] Started Initial cloud-init job (metadata service crawler).
[[0;32m  OK  [0m] Reached target System Initialization.
[[0;32m  OK  [0m] Started Daily Cleanup of Temporary Directories.
         Starting LXD - unix socket.
[[0;32m  OK  [0m] Listening on ACPID Listen Socket.
[[0;32m  OK  [0m] Listening on D-Bus System Message Bus Socket.
[[0;32m  OK  [0m] Started ACPI Events Check.
[[0;32m  OK  [0m] Started Ubuntu Advantage update messaging.
[[0;32m  OK  [0m] Listening on UUID daemon activation socket.
[[0;32m  OK  [0m] Listening on Open-iSCSI iscsid Socket.
[[0;32m  OK  [0m] Reached target Paths.
[[0;32m  OK  [0m] Started Daily apt download activities.
[[0;32m  OK  [0m] Started Discard unused blocks once a week.
         Starting Socket activation for snappy daemon.
[[0;32m  OK  [0m] Started Daily apt upgrade and clean activities.
[[0;32m  OK  [0m] Started Message of the Day.
[[0;32m  OK  [0m] Reached target Timers.
[[0;32m  OK  [0m] Reached target Network is Online.
[[0;32m  OK  [0m] Reached target Remote File Systems (Pre).
         Mounting /vagrant...
         Starting Availability of block devices...
[[0;32m  OK  [0m] Reached target Cloud-config availability.
[[0;32m  OK  [0m] Listening on LXD - unix socket.
[[0;32m  OK  [0m] Listening on Socket activation for snappy daemon.
[[0;32m  OK  [0m] Reached target Sockets.
[[0;32m  OK  [0m] Reached target Basic System.
         Starting Login Service...
[[0;32m  OK  [0m] Started irqbalance daemon.
         Starting Accounts Service...
         Starting LSB: Record successful boot for GRUB...
         Starting OpenBSD Secure Shell server...
         Starting System Logging Service...
         Starting Dispatcher daemon for systemd-networkd...
[[0;32m  OK  [0m] Started D-Bus System Message Bus.
[[0;32m  OK  [0m] Started Login Service.
[[0;32m  OK  [0m] Started Unattended Upgrades Shutdown.
[[0;32m  OK  [0m] Started FUSE filesystem for LXC.
         Starting Virtualbox guest utils...
[[0;32m  OK  [0m] Started Regular background program processing daemon.
[[0;32m  OK  [0m] Started Deferred execution scheduler.
         Starting Snap Daemon...
         Starting LXD - container startup/shutdown...
[[0;32m  OK  [0m] Started System Logging Service.
[[0;32m  OK  [0m] Mounted /vagrant.
[[0;32m  OK  [0m] Started Availability of block devices.
[[0;32m  OK  [0m] Started OpenBSD Secure Shell server.
         Starting Authorization Manager...
[[0;32m  OK  [0m] Reached target Remote File Systems.
         Starting LSB: automatic crash report generation...
         Starting Permit User Sessions...
[[0;32m  OK  [0m] Started Permit User Sessions.
[[0;32m  OK  [0m] Started LSB: Record successful boot for GRUB.
[[0;32m  OK  [0m] Started Virtualbox guest utils.
         Starting Terminate Plymouth Boot Screen...
         Starting Hold until boot process finishes up...
[[0;32m  OK  [0m] Started Hold until boot process finishes up.
[[0;32m  OK  [0m] Started Terminate Plymouth Boot Screen.
         Starting Set console scheme...
[[0;32m  OK  [0m] Started Serial Getty on ttyS0.
[[0;32m  OK  [0m] Started LSB: automatic crash report generation.
[[0;32m  OK  [0m] Started Authorization Manager.
[[0;32m  OK  [0m] Started Accounts Service.
[[0;32m  OK  [0m] Started Set console scheme.
[[0;32m  OK  [0m] Created slice system-getty.slice.
[[0;32m  OK  [0m] Started Getty on tty1.
[[0;32m  OK  [0m] Reached target Login Prompts.
[[0;32m  OK  [0m] Started LXD - container startup/shutdown.
[[0;32m  OK  [0m] Started Dispatcher daemon for systemd-networkd.
[[0;32m  OK  [0m] Started Snap Daemon.
         Starting Wait until snapd is fully seeded...
[[0;32m  OK  [0m] Started Wait until snapd is fully seeded.
         Starting Apply the settings specified in cloud-config...
[[0;32m  OK  [0m] Reached target Multi-User System.
[[0;32m  OK  [0m] Reached target Graphical Interface.
         Starting Update UTMP about System Runlevel Changes...
[[0;32m  OK  [0m] Started Update UTMP about System Runlevel Changes.
[   11.399928] cloud-init[1108]: Cloud-init v. 21.2-3-g899bfaa9-0ubuntu2~18.04.1 running 'modules:config' at Thu, 05 Aug 2021 12:29:28 +0000. Up 11.32 seconds.
[[0;32m  OK  [0m] Started Apply the settings specified in cloud-config.
         Starting Execute cloud user/final scripts...
[[0;32m  OK  [0m] Created slice User Slice of vagrant.
         Starting User Manager for UID 1000...
[[0;32m  OK  [0m] Started Session 1 of user vagrant.
[[0;32m  OK  [0m] Started User Manager for UID 1000.
[   11.880458] cloud-init[1150]: Cloud-init v. 21.2-3-g899bfaa9-0ubuntu2~18.04.1 running 'modules:final' at Thu, 05 Aug 2021 12:29:28 +0000. Up 11.73 seconds.
[   11.881360] cloud-init[1150]: Cloud-init v. 21.2-3-g899bfaa9-0ubuntu2~18.04.1 finished at Thu, 05 Aug 2021 12:29:28 +0000. Datasource DataSourceNoCloud [seed=/dev/sdb][dsmode=net].  Up 11.84 seconds
[[0;32m  OK  [0m] Started Execute cloud user/final scripts.
[[0;32m  OK  [0m] Reached target Cloud-init target.

Ubuntu 18.04.5 LTS ubuntu-bionic ttyS0

ubuntu-bionic login: 